
ROM used:   3294/32768 (10%)
            3294/32768 (10%) including unused fragments

            2.0 Average locations per line
            13.2 Average locations per statement

RAM used:   20/2048 (1%) at main() level
            45/2048 (2%) worst case

Stack used: 6 worst case (6 in main + 0 for interrupts)
Stack size: 31

Lines Stmts  %   Files
----- ----- ---  -----
  208   123  49  Project.c
  865     0   0  C:\Program Files (x86)\PICC\Devices\18F4550.h
  456    84  34  C:\Program Files (x86)\PICC\Drivers\lcd.c
  151    43  17  KBD4x4.c
----- -----
 1680   250 Total

Page ROM  %  RAM    Vol Diff  Functions:
---- --- --- ---    --- ----  ----------
0     40   1    1             @delay_ms1
0     70   1    3    596  5.9  lcd_read_byte
0     12   0    0     59  4.2  lcd_read_nibble
0     32   0    1    179  3.3  lcd_send_nibble
0     58   1    3    460  4.7  lcd_send_byte
0    116   2    6    814  7.2  lcd_init
0     34   1    4    208  6.3  lcd_gotoxy
0     80   1    1    354  4.7  lcd_putc
0     32   0    0             @const742
0    182   3    4   5853 10.1  kbd_getc
0     34   1    0             @goto3571
0    152   2    6     72  2.7  leer_voltaje
0     56   1    2             @ITOF
0    242   4   11             @MULFF
0    346   5   14             @DIVFF
0     92   1    1    320  3.2  mostrar_menu
0     18   0    0             @const767
0     32   0    2             @PSTRINGC_728
0     18   0    0             @const772
0     18   0    0             @const773
0     18   0    0             @const774
0    410   6    8   2206  6.9  ingresar_password
0     18   0    0             @const779
0     20   0    0             @const780
0      2   0    0             @const781
0     18   0    0             @const782
0     18   0    0             @const783
0     18   0    0             @const784
0     18   0    0             @const785
0     18   0    0             @const786
0     58   1    4             @SFTOI
0    270   4    9    600  5.2  mostrar_bateria
0     18   0    0             @const792
0     18   0    0             @const793
0     40   1    3             @DIV88
0    172   3    6             @PRINTF_D_728
0     32   0    3             @PSTRINGCN_728
0     18   0    0             @const802
0    286   4    6   1075  5.8  MAIN
0    120   2   10             @FLT
0     18   0    0             @const812
0     18   0    0             @const813
 Inline         0             @cinit1

Program metrics:
    Functions               13
    Statements              250
    Comments                351
    Volume (V)              18311
    Difficulty (D)          66.3
    Effort to implement (E) 1213356
    Time to implement (T)   18 hours, 43 minutes
    Est Delivered Bugs (B)  4
    Cyclomatic Complexity   36
    Maintainability (MI)    134

 Segment     Used  Free
-----------  ----  ----
00000-00002     4  0  
00004-07FFE  3290  29474  



