CCS PCH C Compiler, Version 5.115, 4770               18-oct.-24 16:19

               Filename:   C:\Users\usuario\Desktop\Pract12\Voltaje.lst

               ROM used:   2062 bytes (6%)
                           Largest free fragment is 30706
               RAM used:   20 (1%) at main() level
                           42 (2%) worst case
               Stack used: 4 locations
               Stack size: 31

*
0000:  GOTO   06D8
.................... #include <18F4550.h>
.................... //////////// Standard Header file for the PIC18F4550 device ////////////////
.................... ///////////////////////////////////////////////////////////////////////////
.................... ////        (C) Copyright 1996, 2014 Custom Computer Services          ////
.................... //// This source code may only be used by licensed users of the CCS C  ////
.................... //// compiler.  This source code may only be distributed to other      ////
.................... //// licensed users of the CCS C compiler.  No other use, reproduction ////
.................... //// or distribution is permitted without written permission.          ////
.................... //// Derivative programs created using this software in object code    ////
.................... //// form are not restricted in any way.                               ////
.................... ///////////////////////////////////////////////////////////////////////////
.................... #device PIC18F4550
0004:  DATA 56,4F
0006:  DATA 4C,54
0008:  DATA 41,4A
000A:  DATA 45,3A
000C:  DATA 20,20
000E:  DATA 00,00
0010:  DATA 25,2E
0012:  DATA 32,66
0014:  DATA 20,56
0016:  DATA 20,20
0018:  DATA 20,20
001A:  DATA 20,20
001C:  DATA 20,00
*
01C8:  TBLRD*+
01CA:  MOVF   FF5,F
01CC:  BZ    01E6
01CE:  MOVFF  FF6,10
01D2:  MOVFF  FF7,11
01D6:  MOVFF  FF5,1D
01DA:  RCALL  0178
01DC:  MOVFF  10,FF6
01E0:  MOVFF  11,FF7
01E4:  BRA    01C8
01E6:  GOTO   0724 (RETURN)
01EA:  MOVLW  8E
01EC:  MOVWF  00
01EE:  MOVFF  11,01
01F2:  MOVFF  10,02
01F6:  CLRF   03
01F8:  MOVF   01,F
01FA:  BNZ   020E
01FC:  MOVFF  02,01
0200:  CLRF   02
0202:  MOVLW  08
0204:  SUBWF  00,F
0206:  MOVF   01,F
0208:  BNZ   020E
020A:  CLRF   00
020C:  BRA    021E
020E:  BCF    FD8.0
0210:  BTFSC  01.7
0212:  BRA    021C
0214:  RLCF   02,F
0216:  RLCF   01,F
0218:  DECF   00,F
021A:  BRA    020E
021C:  BCF    01.7
021E:  GOTO   073A (RETURN)
0222:  MOVF   1D,W
0224:  BTFSC  FD8.2
0226:  BRA    030A
0228:  MOVWF  00
022A:  MOVF   21,W
022C:  BTFSC  FD8.2
022E:  BRA    030A
0230:  ADDWF  00,F
0232:  BNC   023C
0234:  MOVLW  81
0236:  ADDWF  00,F
0238:  BC    030A
023A:  BRA    0244
023C:  MOVLW  7F
023E:  SUBWF  00,F
0240:  BNC   030A
0242:  BZ    030A
0244:  MOVFF  1E,25
0248:  MOVF   22,W
024A:  XORWF  25,F
024C:  BSF    1E.7
024E:  BSF    22.7
0250:  MOVF   20,W
0252:  MULWF  24
0254:  MOVFF  FF4,27
0258:  MOVF   1F,W
025A:  MULWF  23
025C:  MOVFF  FF4,03
0260:  MOVFF  FF3,26
0264:  MULWF  24
0266:  MOVF   FF3,W
0268:  ADDWF  27,F
026A:  MOVF   FF4,W
026C:  ADDWFC 26,F
026E:  MOVLW  00
0270:  ADDWFC 03,F
0272:  MOVF   20,W
0274:  MULWF  23
0276:  MOVF   FF3,W
0278:  ADDWF  27,F
027A:  MOVF   FF4,W
027C:  ADDWFC 26,F
027E:  MOVLW  00
0280:  CLRF   02
0282:  ADDWFC 03,F
0284:  ADDWFC 02,F
0286:  MOVF   1E,W
0288:  MULWF  24
028A:  MOVF   FF3,W
028C:  ADDWF  26,F
028E:  MOVF   FF4,W
0290:  ADDWFC 03,F
0292:  MOVLW  00
0294:  ADDWFC 02,F
0296:  MOVF   1E,W
0298:  MULWF  23
029A:  MOVF   FF3,W
029C:  ADDWF  03,F
029E:  MOVF   FF4,W
02A0:  ADDWFC 02,F
02A2:  MOVLW  00
02A4:  CLRF   01
02A6:  ADDWFC 01,F
02A8:  MOVF   20,W
02AA:  MULWF  22
02AC:  MOVF   FF3,W
02AE:  ADDWF  26,F
02B0:  MOVF   FF4,W
02B2:  ADDWFC 03,F
02B4:  MOVLW  00
02B6:  ADDWFC 02,F
02B8:  ADDWFC 01,F
02BA:  MOVF   1F,W
02BC:  MULWF  22
02BE:  MOVF   FF3,W
02C0:  ADDWF  03,F
02C2:  MOVF   FF4,W
02C4:  ADDWFC 02,F
02C6:  MOVLW  00
02C8:  ADDWFC 01,F
02CA:  MOVF   1E,W
02CC:  MULWF  22
02CE:  MOVF   FF3,W
02D0:  ADDWF  02,F
02D2:  MOVF   FF4,W
02D4:  ADDWFC 01,F
02D6:  INCF   00,F
02D8:  BTFSC  01.7
02DA:  BRA    02E6
02DC:  RLCF   26,F
02DE:  RLCF   03,F
02E0:  RLCF   02,F
02E2:  RLCF   01,F
02E4:  DECF   00,F
02E6:  MOVLW  00
02E8:  BTFSS  26.7
02EA:  BRA    0300
02EC:  INCF   03,F
02EE:  ADDWFC 02,F
02F0:  ADDWFC 01,F
02F2:  MOVF   01,W
02F4:  BNZ   0300
02F6:  MOVF   02,W
02F8:  BNZ   0300
02FA:  MOVF   03,W
02FC:  BNZ   0300
02FE:  INCF   00,F
0300:  BTFSC  25.7
0302:  BSF    01.7
0304:  BTFSS  25.7
0306:  BCF    01.7
0308:  BRA    0312
030A:  CLRF   00
030C:  CLRF   01
030E:  CLRF   02
0310:  CLRF   03
0312:  RETURN 0
0314:  MOVF   14,W
0316:  BTFSC  FD8.2
0318:  BRA    0464
031A:  MOVWF  20
031C:  MOVF   18,W
031E:  BTFSC  FD8.2
0320:  BRA    0464
0322:  SUBWF  20,F
0324:  BNC   0330
0326:  MOVLW  7F
0328:  ADDWF  20,F
032A:  BTFSC  FD8.0
032C:  BRA    0464
032E:  BRA    033C
0330:  MOVLW  81
0332:  SUBWF  20,F
0334:  BTFSS  FD8.0
0336:  BRA    0464
0338:  BTFSC  FD8.2
033A:  BRA    0464
033C:  MOVFF  20,00
0340:  CLRF   01
0342:  CLRF   02
0344:  CLRF   03
0346:  CLRF   1F
0348:  MOVFF  15,1E
034C:  BSF    1E.7
034E:  MOVFF  16,1D
0352:  MOVFF  17,1C
0356:  MOVLW  19
0358:  MOVWF  20
035A:  MOVF   1B,W
035C:  SUBWF  1C,F
035E:  BC    037A
0360:  MOVLW  01
0362:  SUBWF  1D,F
0364:  BC    037A
0366:  SUBWF  1E,F
0368:  BC    037A
036A:  SUBWF  1F,F
036C:  BC    037A
036E:  INCF   1F,F
0370:  INCF   1E,F
0372:  INCF   1D,F
0374:  MOVF   1B,W
0376:  ADDWF  1C,F
0378:  BRA    03CA
037A:  MOVF   1A,W
037C:  SUBWF  1D,F
037E:  BC    03A4
0380:  MOVLW  01
0382:  SUBWF  1E,F
0384:  BC    03A4
0386:  SUBWF  1F,F
0388:  BC    03A4
038A:  INCF   1F,F
038C:  INCF   1E,F
038E:  MOVF   1A,W
0390:  ADDWF  1D,F
0392:  MOVF   1B,W
0394:  ADDWF  1C,F
0396:  BNC   03CA
0398:  INCF   1D,F
039A:  BNZ   03CA
039C:  INCF   1E,F
039E:  BNZ   03CA
03A0:  INCF   1F,F
03A2:  BRA    03CA
03A4:  MOVF   19,W
03A6:  IORLW  80
03A8:  SUBWF  1E,F
03AA:  BC    03C8
03AC:  MOVLW  01
03AE:  SUBWF  1F,F
03B0:  BC    03C8
03B2:  INCF   1F,F
03B4:  MOVF   19,W
03B6:  IORLW  80
03B8:  ADDWF  1E,F
03BA:  MOVF   1A,W
03BC:  ADDWF  1D,F
03BE:  BNC   0392
03C0:  INCF   1E,F
03C2:  BNZ   0392
03C4:  INCF   1F,F
03C6:  BRA    0392
03C8:  BSF    03.0
03CA:  DECFSZ 20,F
03CC:  BRA    03D0
03CE:  BRA    03E6
03D0:  BCF    FD8.0
03D2:  RLCF   1C,F
03D4:  RLCF   1D,F
03D6:  RLCF   1E,F
03D8:  RLCF   1F,F
03DA:  BCF    FD8.0
03DC:  RLCF   03,F
03DE:  RLCF   02,F
03E0:  RLCF   01,F
03E2:  RLCF   21,F
03E4:  BRA    035A
03E6:  BTFSS  21.0
03E8:  BRA    03F6
03EA:  BCF    FD8.0
03EC:  RRCF   01,F
03EE:  RRCF   02,F
03F0:  RRCF   03,F
03F2:  RRCF   21,F
03F4:  BRA    03FA
03F6:  DECF   00,F
03F8:  BZ    0464
03FA:  BTFSC  21.7
03FC:  BRA    043A
03FE:  BCF    FD8.0
0400:  RLCF   1C,F
0402:  RLCF   1D,F
0404:  RLCF   1E,F
0406:  RLCF   1F,F
0408:  MOVF   1B,W
040A:  SUBWF  1C,F
040C:  BC    041C
040E:  MOVLW  01
0410:  SUBWF  1D,F
0412:  BC    041C
0414:  SUBWF  1E,F
0416:  BC    041C
0418:  SUBWF  1F,F
041A:  BNC   0450
041C:  MOVF   1A,W
041E:  SUBWF  1D,F
0420:  BC    042C
0422:  MOVLW  01
0424:  SUBWF  1E,F
0426:  BC    042C
0428:  SUBWF  1F,F
042A:  BNC   0450
042C:  MOVF   19,W
042E:  IORLW  80
0430:  SUBWF  1E,F
0432:  BC    043A
0434:  MOVLW  01
0436:  SUBWF  1F,F
0438:  BNC   0450
043A:  INCF   03,F
043C:  BNZ   0450
043E:  INCF   02,F
0440:  BNZ   0450
0442:  INCF   01,F
0444:  BNZ   0450
0446:  INCF   00,F
0448:  BZ    0464
044A:  RRCF   01,F
044C:  RRCF   02,F
044E:  RRCF   03,F
0450:  MOVFF  15,20
0454:  MOVF   19,W
0456:  XORWF  20,F
0458:  BTFSS  20.7
045A:  BRA    0460
045C:  BSF    01.7
045E:  BRA    046C
0460:  BCF    01.7
0462:  BRA    046C
0464:  CLRF   00
0466:  CLRF   01
0468:  CLRF   02
046A:  CLRF   03
046C:  GOTO   07BA (RETURN)
0470:  MOVF   1D,W
0472:  SUBLW  B6
0474:  MOVWF  1D
0476:  CLRF   03
0478:  MOVFF  1E,21
047C:  BSF    1E.7
047E:  BCF    FD8.0
0480:  RRCF   1E,F
0482:  RRCF   1F,F
0484:  RRCF   20,F
0486:  RRCF   03,F
0488:  RRCF   02,F
048A:  RRCF   01,F
048C:  RRCF   00,F
048E:  DECFSZ 1D,F
0490:  BRA    047E
0492:  BTFSS  21.7
0494:  BRA    04AC
0496:  COMF   00,F
0498:  COMF   01,F
049A:  COMF   02,F
049C:  COMF   03,F
049E:  INCF   00,F
04A0:  BTFSC  FD8.2
04A2:  INCF   01,F
04A4:  BTFSC  FD8.2
04A6:  INCF   02,F
04A8:  BTFSC  FD8.2
04AA:  INCF   03,F
04AC:  GOTO   058C (RETURN)
04B0:  BTFSC  FD8.1
04B2:  BRA    04BA
04B4:  CLRF   FEA
04B6:  MOVLW  25
04B8:  MOVWF  FE9
04BA:  CLRF   00
04BC:  CLRF   01
04BE:  CLRF   02
04C0:  CLRF   03
04C2:  CLRF   25
04C4:  CLRF   26
04C6:  CLRF   27
04C8:  CLRF   28
04CA:  MOVF   24,W
04CC:  IORWF  23,W
04CE:  IORWF  22,W
04D0:  IORWF  21,W
04D2:  BZ    052C
04D4:  MOVLW  20
04D6:  MOVWF  29
04D8:  BCF    FD8.0
04DA:  RLCF   1D,F
04DC:  RLCF   1E,F
04DE:  RLCF   1F,F
04E0:  RLCF   20,F
04E2:  RLCF   25,F
04E4:  RLCF   26,F
04E6:  RLCF   27,F
04E8:  RLCF   28,F
04EA:  MOVF   24,W
04EC:  SUBWF  28,W
04EE:  BNZ   0500
04F0:  MOVF   23,W
04F2:  SUBWF  27,W
04F4:  BNZ   0500
04F6:  MOVF   22,W
04F8:  SUBWF  26,W
04FA:  BNZ   0500
04FC:  MOVF   21,W
04FE:  SUBWF  25,W
0500:  BNC   0520
0502:  MOVF   21,W
0504:  SUBWF  25,F
0506:  MOVF   22,W
0508:  BTFSS  FD8.0
050A:  INCFSZ 22,W
050C:  SUBWF  26,F
050E:  MOVF   23,W
0510:  BTFSS  FD8.0
0512:  INCFSZ 23,W
0514:  SUBWF  27,F
0516:  MOVF   24,W
0518:  BTFSS  FD8.0
051A:  INCFSZ 24,W
051C:  SUBWF  28,F
051E:  BSF    FD8.0
0520:  RLCF   00,F
0522:  RLCF   01,F
0524:  RLCF   02,F
0526:  RLCF   03,F
0528:  DECFSZ 29,F
052A:  BRA    04D8
052C:  MOVFF  25,FEF
0530:  MOVFF  26,FEC
0534:  MOVFF  27,FEC
0538:  MOVFF  28,FEC
053C:  RETURN 0
053E:  MOVF   FE9,W
0540:  MOVWF  15
0542:  MOVF   14,W
0544:  MOVWF  17
0546:  BZ    057A
0548:  MOVFF  13,20
054C:  MOVFF  12,1F
0550:  MOVFF  11,1E
0554:  MOVFF  10,1D
0558:  CLRF   24
055A:  CLRF   23
055C:  MOVLW  20
055E:  MOVWF  22
0560:  MOVLW  82
0562:  MOVWF  21
0564:  RCALL  0222
0566:  MOVFF  03,13
056A:  MOVFF  02,12
056E:  MOVFF  01,11
0572:  MOVFF  00,10
0576:  DECFSZ 17,F
0578:  BRA    0548
057A:  MOVFF  13,20
057E:  MOVFF  12,1F
0582:  MOVFF  11,1E
0586:  MOVFF  10,1D
058A:  BRA    0470
058C:  MOVFF  03,13
0590:  MOVFF  02,12
0594:  MOVFF  01,11
0598:  MOVFF  00,10
059C:  BTFSS  13.7
059E:  BRA    05BA
05A0:  DECF   15,F
05A2:  BSF    15.5
05A4:  COMF   10,F
05A6:  COMF   11,F
05A8:  COMF   12,F
05AA:  COMF   13,F
05AC:  INCF   10,F
05AE:  BTFSC  FD8.2
05B0:  INCF   11,F
05B2:  BTFSC  FD8.2
05B4:  INCF   12,F
05B6:  BTFSC  FD8.2
05B8:  INCF   13,F
05BA:  MOVLW  3B
05BC:  MOVWF  1C
05BE:  MOVLW  9A
05C0:  MOVWF  1B
05C2:  MOVLW  CA
05C4:  MOVWF  1A
05C6:  CLRF   19
05C8:  MOVLW  0A
05CA:  MOVWF  17
05CC:  MOVF   14,W
05CE:  BTFSC  FD8.2
05D0:  INCF   15,F
05D2:  BSF    FD8.1
05D4:  CLRF   FEA
05D6:  MOVLW  10
05D8:  MOVWF  FE9
05DA:  MOVFF  13,20
05DE:  MOVFF  12,1F
05E2:  MOVFF  11,1E
05E6:  MOVFF  10,1D
05EA:  MOVFF  1C,24
05EE:  MOVFF  1B,23
05F2:  MOVFF  1A,22
05F6:  MOVFF  19,21
05FA:  RCALL  04B0
05FC:  MOVF   01,W
05FE:  MOVF   00,F
0600:  BNZ   0620
0602:  INCF   14,W
0604:  SUBWF  17,W
0606:  BZ    0620
0608:  MOVF   15,W
060A:  BZ    0624
060C:  ANDLW  0F
060E:  SUBWF  17,W
0610:  BZ    0614
0612:  BC    0682
0614:  BTFSC  15.7
0616:  BRA    0682
0618:  BTFSC  15.6
061A:  BRA    0624
061C:  MOVLW  20
061E:  BRA    067A
0620:  MOVLW  20
0622:  ANDWF  15,F
0624:  BTFSS  15.5
0626:  BRA    0640
0628:  BCF    15.5
062A:  MOVF   14,W
062C:  BTFSS  FD8.2
062E:  DECF   15,F
0630:  MOVF   00,W
0632:  MOVWF  15
0634:  MOVLW  2D
0636:  MOVWF  1D
0638:  RCALL  0178
063A:  MOVF   15,W
063C:  MOVWF  00
063E:  CLRF   15
0640:  MOVF   14,W
0642:  SUBWF  17,W
0644:  BNZ   065A
0646:  MOVF   00,W
0648:  MOVWF  15
064A:  MOVLW  2E
064C:  MOVWF  1D
064E:  RCALL  0178
0650:  MOVF   15,W
0652:  MOVWF  00
0654:  MOVLW  20
0656:  ANDWF  15,F
0658:  MOVLW  00
065A:  MOVLW  30
065C:  BTFSS  15.5
065E:  BRA    067A
0660:  BCF    15.5
0662:  MOVF   14,W
0664:  BTFSS  FD8.2
0666:  DECF   15,F
0668:  MOVF   00,W
066A:  MOVWF  15
066C:  MOVLW  2D
066E:  MOVWF  1D
0670:  RCALL  0178
0672:  MOVF   15,W
0674:  MOVWF  00
0676:  CLRF   15
0678:  MOVLW  30
067A:  ADDWF  00,F
067C:  MOVFF  00,1D
0680:  RCALL  0178
0682:  BCF    FD8.1
0684:  MOVFF  1C,20
0688:  MOVFF  1B,1F
068C:  MOVFF  1A,1E
0690:  MOVFF  19,1D
0694:  CLRF   24
0696:  CLRF   23
0698:  CLRF   22
069A:  MOVLW  0A
069C:  MOVWF  21
069E:  RCALL  04B0
06A0:  MOVFF  03,1C
06A4:  MOVFF  02,1B
06A8:  MOVFF  01,1A
06AC:  MOVFF  00,19
06B0:  DECFSZ 17,F
06B2:  BRA    05D2
06B4:  GOTO   07EE (RETURN)
06B8:  TBLRD*+
06BA:  MOVFF  FF6,11
06BE:  MOVFF  FF7,12
06C2:  MOVFF  FF5,1D
06C6:  RCALL  0178
06C8:  MOVFF  11,FF6
06CC:  MOVFF  12,FF7
06D0:  DECFSZ 10,F
06D2:  BRA    06B8
06D4:  GOTO   07FC (RETURN)
.................... 
.................... #list
.................... 
.................... #use delay(clock=4000000)
*
001E:  CLRF   FEA
0020:  MOVLW  1E
0022:  MOVWF  FE9
0024:  MOVF   FEF,W
0026:  BZ    0044
0028:  MOVLW  01
002A:  MOVWF  01
002C:  CLRF   00
002E:  DECFSZ 00,F
0030:  BRA    002E
0032:  DECFSZ 01,F
0034:  BRA    002C
0036:  MOVLW  4A
0038:  MOVWF  00
003A:  DECFSZ 00,F
003C:  BRA    003A
003E:  BRA    0040
0040:  DECFSZ FEF,F
0042:  BRA    0028
0044:  RETURN 0
.................... #include <lcd.c>
.................... ///////////////////////////////////////////////////////////////////////////////
.................... ////                             LCD.C                                     ////
.................... ////                 Driver for common LCD modules                         ////
.................... ////                                                                       ////
.................... ////  lcd_init()   Must be called before any other function.               ////
.................... ////                                                                       ////
.................... ////  lcd_putc(c)  Will display c on the next position of the LCD.         ////
.................... ////                 \a  Set cursor position to upper left                 ////
.................... ////                 \f  Clear display, set cursor to upper left           ////
.................... ////                 \n  Go to start of second line                        ////
.................... ////                 \b  Move back one position                            ////
.................... ////              If LCD_EXTENDED_NEWLINE is defined, the \n character     ////
.................... ////              will erase all remanining characters on the current      ////
.................... ////              line, and move the cursor to the beginning of the next   ////
.................... ////              line.                                                    ////
.................... ////              If LCD_EXTENDED_NEWLINE is defined, the \r character     ////
.................... ////              will move the cursor to the start of the current         ////
.................... ////              line.                                                    ////
.................... ////                                                                       ////
.................... ////  lcd_gotoxy(x,y) Set write position on LCD (upper left is 1,1)        ////
.................... ////                                                                       ////
.................... ////  lcd_getc(x,y)   Returns character at position x,y on LCD             ////
.................... ////                                                                       ////
.................... ////  lcd_cursor_on(int1 on)   Turn the cursor on (on=TRUE) or off         ////
.................... ////              (on=FALSE).                                              ////
.................... ////                                                                       ////
.................... ////  lcd_set_cgram_char(w, *p)   Write a custom character to the CGRAM.   ////
.................... ////                                                                       ////
.................... ////                                                                       ////
.................... ////  CONFIGURATION                                                        ////
.................... ////  The LCD can be configured in one of two ways: a.) port access or     ////
.................... ////  b.) pin access.  Port access requires the entire 7 bit interface     ////
.................... ////  connected to one GPIO port, and the data bits (D4:D7 of the LCD)     ////
.................... ////  connected to sequential pins on the GPIO.  Pin access                ////
.................... ////  has no requirements, all 7 bits of the control interface can         ////
.................... ////  can be connected to any GPIO using several ports.                    ////
.................... ////                                                                       ////
.................... ////  To use port access, #define LCD_DATA_PORT to the SFR location of     ////
.................... ////  of the GPIO port that holds the interface, -AND- edit LCD_PIN_MAP    ////
.................... ////  of this file to configure the pin order.  If you are using a         ////
.................... ////  baseline PIC (PCB), then LCD_OUTPUT_MAP and LCD_INPUT_MAP also must  ////
.................... ////  be defined.                                                          ////
.................... ////                                                                       ////
.................... ////  Example of port access:                                              ////
.................... ////     #define LCD_DATA_PORT getenv("SFR:PORTD")                         ////
.................... ////                                                                       ////
.................... ////  To use pin access, the following pins must be defined:               ////
.................... ////     LCD_ENABLE_PIN                                                    ////
.................... ////     LCD_RS_PIN                                                        ////
.................... ////     LCD_RW_PIN                                                        ////
.................... ////     LCD_DATA4                                                         ////
.................... ////     LCD_DATA5                                                         ////
.................... ////     LCD_DATA6                                                         ////
.................... ////     LCD_DATA7                                                         ////
.................... ////                                                                       ////
.................... ////  Example of pin access:                                               ////
.................... ////     #define LCD_ENABLE_PIN  PIN_E0                                    ////
.................... ////     #define LCD_RS_PIN      PIN_E1                                    ////
.................... ////     #define LCD_RW_PIN      PIN_E2                                    ////
.................... ////     #define LCD_DATA4       PIN_D4                                    ////
.................... ////     #define LCD_DATA5       PIN_D5                                    ////
.................... ////     #define LCD_DATA6       PIN_D6                                    ////
.................... ////     #define LCD_DATA7       PIN_D7                                    ////
.................... ////                                                                       ////
.................... ///////////////////////////////////////////////////////////////////////////////
.................... ////        (C) Copyright 1996,2010 Custom Computer Services           ////
.................... //// This source code may only be used by licensed users of the CCS C  ////
.................... //// compiler.  This source code may only be distributed to other      ////
.................... //// licensed users of the CCS C compiler.  No other use, reproduction ////
.................... //// or distribution is permitted without written permission.          ////
.................... //// Derivative programs created using this software in object code    ////
.................... //// form are not restricted in any way.                               ////
.................... ///////////////////////////////////////////////////////////////////////////
.................... 
.................... #ifndef __LCD_C__
.................... #define __LCD_C__
.................... 
.................... // define the pinout.
.................... // only required if port access is being used.
.................... typedef struct  
.................... {                            // This structure is overlayed
....................    int1 enable;           // on to an I/O port to gain
....................    int1 rs;               // access to the LCD pins.
....................    int1 rw;               // The bits are allocated from
....................    int1 unused;           // low order up.  ENABLE will
....................    unsigned int     data : 4;         // be LSB pin of that port.
....................   #if defined(__PCD__)       // The port used will be LCD_DATA_PORT.
....................    unsigned int    reserved: 8;
....................   #endif
.................... } LCD_PIN_MAP;
.................... 
.................... // this is to improve compatability with previous LCD drivers that accepted
.................... // a define labeled 'use_portb_lcd' that configured the LCD onto port B.
.................... #if ((defined(use_portb_lcd)) && (use_portb_lcd==TRUE))
....................  #define LCD_DATA_PORT getenv("SFR:PORTB")
.................... #endif
.................... 
.................... #if defined(__PCB__)
....................    // these definitions only need to be modified for baseline PICs.
....................    // all other PICs use LCD_PIN_MAP or individual LCD_xxx pin definitions.
.................... /*                                    EN, RS,   RW,   UNUSED,  DATA  */
....................  const LCD_PIN_MAP LCD_OUTPUT_MAP =  {0,  0,    0,    0,       0};
....................  const LCD_PIN_MAP LCD_INPUT_MAP =   {0,  0,    0,    0,       0xF};
.................... #endif
.................... 
.................... ////////////////////// END CONFIGURATION ///////////////////////////////////
.................... 
.................... #ifndef LCD_ENABLE_PIN
....................    #define lcd_output_enable(x) lcdlat.enable=x
....................    #define lcd_enable_tris()   lcdtris.enable=0
.................... #else
....................    #define lcd_output_enable(x) output_bit(LCD_ENABLE_PIN, x)
....................    #define lcd_enable_tris()  output_drive(LCD_ENABLE_PIN)
.................... #endif
.................... 
.................... #ifndef LCD_RS_PIN
....................    #define lcd_output_rs(x) lcdlat.rs=x
....................    #define lcd_rs_tris()   lcdtris.rs=0
.................... #else
....................    #define lcd_output_rs(x) output_bit(LCD_RS_PIN, x)
....................    #define lcd_rs_tris()  output_drive(LCD_RS_PIN)
.................... #endif
.................... 
.................... #ifndef LCD_RW_PIN
....................    #define lcd_output_rw(x) lcdlat.rw=x
....................    #define lcd_rw_tris()   lcdtris.rw=0
.................... #else
....................    #define lcd_output_rw(x) output_bit(LCD_RW_PIN, x)
....................    #define lcd_rw_tris()  output_drive(LCD_RW_PIN)
.................... #endif
.................... 
.................... // original version of this library incorrectly labeled LCD_DATA0 as LCD_DATA4,
.................... // LCD_DATA1 as LCD_DATA5, and so on.  this block of code makes the driver
.................... // compatible with any code written for the original library
.................... #if (defined(LCD_DATA0) && defined(LCD_DATA1) && defined(LCD_DATA2) && defined(LCD_DATA3) && !defined(LCD_DATA4) && !defined(LCD_DATA5) && !defined(LCD_DATA6) && !defined(LCD_DATA7))
....................    #define  LCD_DATA4    LCD_DATA0
....................    #define  LCD_DATA5    LCD_DATA1
....................    #define  LCD_DATA6    LCD_DATA2
....................    #define  LCD_DATA7    LCD_DATA3
.................... #endif
.................... 
.................... #ifndef LCD_DATA4
.................... #ifndef LCD_DATA_PORT
....................    #if defined(__PCB__)
....................       #define LCD_DATA_PORT      0x06     //portb
....................       #define set_tris_lcd(x)   set_tris_b(x)
....................    #else
....................      #if defined(PIN_D0)
....................       #define LCD_DATA_PORT      getenv("SFR:PORTD")     //portd
....................      #else
....................       #define LCD_DATA_PORT      getenv("SFR:PORTB")     //portb
....................      #endif
....................    #endif   
.................... #endif
.................... 
.................... #if defined(__PCB__)
....................    LCD_PIN_MAP lcd, lcdlat;
....................    #byte lcd = LCD_DATA_PORT
....................    #byte lcdlat = LCD_DATA_PORT
.................... #elif defined(__PCM__)
....................    LCD_PIN_MAP lcd, lcdlat, lcdtris;
....................    #byte lcd = LCD_DATA_PORT
....................    #byte lcdlat = LCD_DATA_PORT
....................    #byte lcdtris = LCD_DATA_PORT+0x80
.................... #elif defined(__PCH__)
....................    LCD_PIN_MAP lcd, lcdlat, lcdtris;
....................    #byte lcd = LCD_DATA_PORT
....................    #byte lcdlat = LCD_DATA_PORT+9
....................    #byte lcdtris = LCD_DATA_PORT+0x12
.................... #elif defined(__PCD__)
....................    LCD_PIN_MAP lcd, lcdlat, lcdtris;
....................    #word lcd = LCD_DATA_PORT
....................    #word lcdlat = LCD_DATA_PORT+2
....................    #word lcdtris = LCD_DATA_PORT-0x02
.................... #endif
.................... #endif   //LCD_DATA4 not defined
.................... 
.................... #ifndef LCD_TYPE
....................    #define LCD_TYPE 2           // 0=5x7, 1=5x10, 2=2 lines
.................... #endif
.................... 
.................... #ifndef LCD_LINE_TWO
....................    #define LCD_LINE_TWO 0x40    // LCD RAM address for the second line
.................... #endif
.................... 
.................... #ifndef LCD_LINE_LENGTH
....................    #define LCD_LINE_LENGTH 20
.................... #endif
.................... 
.................... unsigned int8 lcd_read_nibble(void);
.................... 
.................... unsigned int8 lcd_read_byte(void)
.................... {
....................    unsigned int8 low,high;
.................... 
....................  #if defined(__PCB__)
....................    set_tris_lcd(LCD_INPUT_MAP);
....................  #else
....................   #if (defined(LCD_DATA4) && defined(LCD_DATA5) && defined(LCD_DATA6) && defined(LCD_DATA7))
....................    output_float(LCD_DATA4);
....................    output_float(LCD_DATA5);
....................    output_float(LCD_DATA6);
....................    output_float(LCD_DATA7);
....................   #else
....................    lcdtris.data = 0xF;
*
006A:  MOVLW  0F
006C:  ANDWF  F95,W
006E:  IORLW  F0
0070:  MOVWF  F95
....................   #endif
....................  #endif
....................         
....................    lcd_output_rw(1);
0072:  BSF    F8C.2
....................    delay_cycles(1);
0074:  NOP   
....................    lcd_output_enable(1);
0076:  BSF    F8C.0
....................    delay_cycles(1);
0078:  NOP   
....................    high = lcd_read_nibble();
007A:  RCALL  005E
007C:  MOVFF  01,25
....................       
....................    lcd_output_enable(0);
0080:  BCF    F8C.0
....................    delay_cycles(1);
0082:  NOP   
....................    lcd_output_enable(1);
0084:  BSF    F8C.0
....................    delay_us(1);
0086:  NOP   
....................    low = lcd_read_nibble();
0088:  RCALL  005E
008A:  MOVFF  01,24
....................       
....................    lcd_output_enable(0);
008E:  BCF    F8C.0
.................... 
....................  #if defined(__PCB__)
....................    set_tris_lcd(LCD_OUTPUT_MAP);
....................  #else
....................   #if (defined(LCD_DATA4) && defined(LCD_DATA5) && defined(LCD_DATA6) && defined(LCD_DATA7))
....................    output_drive(LCD_DATA4);
....................    output_drive(LCD_DATA5);
....................    output_drive(LCD_DATA6);
....................    output_drive(LCD_DATA7);
....................   #else
....................    lcdtris.data = 0x0;
0090:  MOVLW  0F
0092:  ANDWF  F95,W
0094:  MOVWF  F95
....................   #endif
....................  #endif
.................... 
....................    return( (high<<4) | low);
0096:  SWAPF  25,W
0098:  MOVWF  00
009A:  MOVLW  F0
009C:  ANDWF  00,F
009E:  MOVF   00,W
00A0:  IORWF  24,W
00A2:  MOVWF  01
00A4:  GOTO   00B2 (RETURN)
.................... }
.................... 
.................... unsigned int8 lcd_read_nibble(void)
.................... {
....................   #if (defined(LCD_DATA4) && defined(LCD_DATA5) && defined(LCD_DATA6) && defined(LCD_DATA7))
....................    unsigned int8 n = 0x00;
.................... 
....................    /* Read the data port */
....................    n |= input(LCD_DATA4);
....................    n |= input(LCD_DATA5) << 1;
....................    n |= input(LCD_DATA6) << 2;
....................    n |= input(LCD_DATA7) << 3;
....................    
....................    return(n);
....................   #else
....................    return(lcd.data);
*
005E:  MOVF   F83,W
0060:  MOVWF  00
0062:  SWAPF  00,W
0064:  ANDLW  0F
0066:  MOVWF  01
....................   #endif
0068:  RETURN 0
.................... }
.................... 
.................... void lcd_send_nibble(unsigned int8 n)
.................... {
....................   #if (defined(LCD_DATA4) && defined(LCD_DATA5) && defined(LCD_DATA6) && defined(LCD_DATA7))
....................    /* Write to the data port */
....................    output_bit(LCD_DATA4, bit_test(n, 0));
....................    output_bit(LCD_DATA5, bit_test(n, 1));
....................    output_bit(LCD_DATA6, bit_test(n, 2));
....................    output_bit(LCD_DATA7, bit_test(n, 3));
....................   #else      
....................    lcdlat.data = n;
*
0046:  SWAPF  25,W
0048:  ANDLW  F0
004A:  MOVWF  00
004C:  MOVLW  0F
004E:  ANDWF  F8C,W
0050:  IORWF  00,W
0052:  MOVWF  F8C
....................   #endif
....................       
....................    delay_cycles(1);
0054:  NOP   
....................    lcd_output_enable(1);
0056:  BSF    F8C.0
....................    delay_us(2);
0058:  BRA    005A
....................    lcd_output_enable(0);
005A:  BCF    F8C.0
005C:  RETURN 0
.................... }
.................... 
.................... void lcd_send_byte(unsigned int8 address, unsigned int8 n)
.................... {
....................   #if defined(__PCB__)
....................    set_tris_lcd(LCD_OUTPUT_MAP);
....................   #else
....................    lcd_enable_tris();
*
00A8:  BCF    F95.0
....................    lcd_rs_tris();
00AA:  BCF    F95.1
....................    lcd_rw_tris();
00AC:  BCF    F95.2
....................   #endif
.................... 
....................    lcd_output_rs(0);
00AE:  BCF    F8C.1
....................    while ( bit_test(lcd_read_byte(),7) ) ;
00B0:  BRA    006A
00B2:  MOVFF  01,24
00B6:  BTFSC  01.7
00B8:  BRA    00B0
....................    lcd_output_rs(address);
00BA:  BCF    F8C.1
00BC:  BTFSC  22.0
00BE:  BSF    F8C.1
....................    delay_cycles(1);
00C0:  NOP   
....................    lcd_output_rw(0);
00C2:  BCF    F8C.2
....................    delay_cycles(1);
00C4:  NOP   
....................    lcd_output_enable(0);
00C6:  BCF    F8C.0
....................    lcd_send_nibble(n >> 4);
00C8:  SWAPF  23,W
00CA:  MOVWF  24
00CC:  MOVLW  0F
00CE:  ANDWF  24,F
00D0:  MOVFF  24,25
00D4:  RCALL  0046
....................    lcd_send_nibble(n & 0xf);
00D6:  MOVF   23,W
00D8:  ANDLW  0F
00DA:  MOVWF  24
00DC:  MOVWF  25
00DE:  RCALL  0046
00E0:  RETURN 0
.................... }
.................... 
.................... #if defined(LCD_EXTENDED_NEWLINE)
.................... unsigned int8 g_LcdX, g_LcdY;
.................... #endif
.................... 
.................... void lcd_init(void) 
.................... {
....................    unsigned int8 i;
....................    unsigned int8 LCD_INIT_STRING[4] = {0x20 | (LCD_TYPE << 2), 0xc, 1, 6};
00E2:  MOVLW  28
00E4:  MOVWF  11
00E6:  MOVLW  0C
00E8:  MOVWF  12
00EA:  MOVLW  01
00EC:  MOVWF  13
00EE:  MOVLW  06
00F0:  MOVWF  14
....................                              // These bytes need to be sent to the LCD
....................                              // to start it up.
....................    
.................... 
....................    lcd_output_enable(0);
00F2:  BCF    F8C.0
....................    lcd_output_rs(0);
00F4:  BCF    F8C.1
....................    lcd_output_rw(0);
00F6:  BCF    F8C.2
.................... 
....................  #if defined(__PCB__)
....................    set_tris_lcd(LCD_OUTPUT_MAP);
....................  #else
....................   #if (defined(LCD_DATA4) && defined(LCD_DATA5) && defined(LCD_DATA6) && defined(LCD_DATA7))
....................    output_drive(LCD_DATA4);
....................    output_drive(LCD_DATA5);
....................    output_drive(LCD_DATA6);
....................    output_drive(LCD_DATA7);
....................   #else
....................    lcdtris.data = 0x0;
00F8:  MOVLW  0F
00FA:  ANDWF  F95,W
00FC:  MOVWF  F95
....................   #endif
....................    lcd_enable_tris();
00FE:  BCF    F95.0
....................    lcd_rs_tris();
0100:  BCF    F95.1
....................    lcd_rw_tris();
0102:  BCF    F95.2
....................  #endif
....................     
....................    delay_ms(15);
0104:  MOVLW  0F
0106:  MOVWF  1E
0108:  RCALL  001E
....................    for(i=1;i<=3;++i)
010A:  MOVLW  01
010C:  MOVWF  10
010E:  MOVF   10,W
0110:  SUBLW  03
0112:  BNC   0124
....................    {
....................        lcd_send_nibble(3);
0114:  MOVLW  03
0116:  MOVWF  25
0118:  RCALL  0046
....................        delay_ms(5);
011A:  MOVLW  05
011C:  MOVWF  1E
011E:  RCALL  001E
0120:  INCF   10,F
0122:  BRA    010E
....................    }
....................    
....................    lcd_send_nibble(2);
0124:  MOVLW  02
0126:  MOVWF  25
0128:  RCALL  0046
....................    delay_ms(5);
012A:  MOVLW  05
012C:  MOVWF  1E
012E:  RCALL  001E
....................    for(i=0;i<=3;++i)
0130:  CLRF   10
0132:  MOVF   10,W
0134:  SUBLW  03
0136:  BNC   0152
....................       lcd_send_byte(0,LCD_INIT_STRING[i]);
0138:  CLRF   03
013A:  MOVF   10,W
013C:  ADDLW  11
013E:  MOVWF  FE9
0140:  MOVLW  00
0142:  ADDWFC 03,W
0144:  MOVWF  FEA
0146:  MOVFF  FEF,23
014A:  CLRF   22
014C:  RCALL  00A8
.................... 
....................   #if defined(LCD_EXTENDED_NEWLINE)
014E:  INCF   10,F
0150:  BRA    0132
0152:  GOTO   0700 (RETURN)
....................    g_LcdX = 0;
....................    g_LcdY = 0;
....................   #endif
.................... }
.................... 
.................... void lcd_gotoxy(unsigned int8 x, unsigned int8 y)
.................... {
....................    unsigned int8 address;
....................    
....................    if(y!=1)
0156:  DECFSZ 1F,W
0158:  BRA    015C
015A:  BRA    0162
....................       address=LCD_LINE_TWO;
015C:  MOVLW  40
015E:  MOVWF  20
0160:  BRA    0164
....................    else
....................       address=0;
0162:  CLRF   20
....................      
....................    address+=x-1;
0164:  MOVLW  01
0166:  SUBWF  1E,W
0168:  ADDWF  20,F
....................    lcd_send_byte(0,0x80|address);
016A:  MOVF   20,W
016C:  IORLW  80
016E:  MOVWF  21
0170:  CLRF   22
0172:  MOVWF  23
0174:  RCALL  00A8
.................... 
....................   #if defined(LCD_EXTENDED_NEWLINE)
0176:  RETURN 0
....................    g_LcdX = x - 1;
....................    g_LcdY = y - 1;
....................   #endif
.................... }
.................... 
.................... void lcd_putc(char c)
.................... {
....................    switch (c)
0178:  MOVF   1D,W
017A:  XORLW  07
017C:  BZ    018C
017E:  XORLW  0B
0180:  BZ    0196
0182:  XORLW  06
0184:  BZ    01A6
0186:  XORLW  02
0188:  BZ    01B2
018A:  BRA    01BC
....................    {
....................       case '\a'   :  lcd_gotoxy(1,1);     break;
018C:  MOVLW  01
018E:  MOVWF  1E
0190:  MOVWF  1F
0192:  RCALL  0156
0194:  BRA    01C6
.................... 
....................       case '\f'   :  lcd_send_byte(0,1);
0196:  CLRF   22
0198:  MOVLW  01
019A:  MOVWF  23
019C:  RCALL  00A8
....................                      delay_ms(2);
019E:  MOVLW  02
01A0:  MOVWF  1E
01A2:  RCALL  001E
....................                     #if defined(LCD_EXTENDED_NEWLINE)
....................                      g_LcdX = 0;
....................                      g_LcdY = 0;
....................                     #endif
....................                      break;
01A4:  BRA    01C6
.................... 
....................      #if defined(LCD_EXTENDED_NEWLINE)
....................       case '\r'   :  lcd_gotoxy(1, g_LcdY+1);   break;
....................       case '\n'   :
....................          while (g_LcdX++ < LCD_LINE_LENGTH)
....................          {
....................             lcd_send_byte(1, ' ');
....................          }
....................          lcd_gotoxy(1, g_LcdY+2);
....................          break;
....................      #else
....................       case '\n'   : lcd_gotoxy(1,2);        break;
01A6:  MOVLW  01
01A8:  MOVWF  1E
01AA:  MOVLW  02
01AC:  MOVWF  1F
01AE:  RCALL  0156
01B0:  BRA    01C6
....................      #endif
....................      
....................       case '\b'   : lcd_send_byte(0,0x10);  break;
01B2:  CLRF   22
01B4:  MOVLW  10
01B6:  MOVWF  23
01B8:  RCALL  00A8
01BA:  BRA    01C6
....................      
....................      #if defined(LCD_EXTENDED_NEWLINE)
....................       default     : 
....................          if (g_LcdX < LCD_LINE_LENGTH)
....................          {
....................             lcd_send_byte(1, c);
....................             g_LcdX++;
....................          }
....................          break;
....................      #else
....................       default     : lcd_send_byte(1,c);     break;
01BC:  MOVLW  01
01BE:  MOVWF  22
01C0:  MOVFF  1D,23
01C4:  RCALL  00A8
....................      #endif
....................    }
01C6:  RETURN 0
.................... }
....................  
.................... char lcd_getc(unsigned int8 x, unsigned int8 y)
.................... {
....................    char value;
.................... 
....................    lcd_gotoxy(x,y);
....................    while ( bit_test(lcd_read_byte(),7) ); // wait until busy flag is low
....................    lcd_output_rs(1);
....................    value = lcd_read_byte();
....................    lcd_output_rs(0);
....................    
....................    return(value);
.................... }
.................... 
.................... // write a custom character to the ram
.................... // which is 0-7 and specifies which character array we are modifying.
.................... // ptr points to an array of 8 bytes, where each byte is the next row of
.................... //    pixels.  only bits 0-4 are used.  the last row is the cursor row, and
.................... //    usually you will want to leave this byte 0x00.
.................... void lcd_set_cgram_char(unsigned int8 which, unsigned int8 *ptr)
.................... {
....................    unsigned int i;
.................... 
....................    which <<= 3;
....................    which &= 0x38;
.................... 
....................    lcd_send_byte(0, 0x40 | which);  //set cgram address
.................... 
....................    for(i=0; i<8; i++)
....................    {
....................       lcd_send_byte(1, *ptr++);
....................    }
....................   
....................    #if defined(LCD_EXTENDED_NEWLINE)
....................     lcd_gotoxy(g_LcdX+1, g_LcdY+1);  //set ddram address
....................    #endif
.................... }
.................... 
.................... void lcd_cursor_on(int1 on)
.................... {
....................    if (on)
....................    {
....................       lcd_send_byte(0,0x0F);           //turn LCD cursor ON
....................    }
....................    else
....................    {
....................       lcd_send_byte(0,0x0C);           //turn LCD cursor OFF
....................    }
.................... }
.................... 
.................... #endif
.................... 
.................... 
.................... void main() {
*
06D8:  CLRF   FF8
06DA:  BCF    FD0.7
06DC:  CLRF   05
06DE:  CLRF   04
06E0:  MOVF   FC1,W
06E2:  ANDLW  C0
06E4:  IORLW  0F
06E6:  MOVWF  FC1
06E8:  MOVLW  07
06EA:  MOVWF  FB4
06EC:  CLRF   0F
06EE:  CLRF   0E
06F0:  CLRF   0D
06F2:  MOVLW  81
06F4:  MOVWF  0C
....................     float voltaje;
....................     int16 valor;
....................     float calibracion = 4.0; // Ajusta este valor para calibrar la lectura
.................... 
....................     // Configurar puertos
....................     set_tris_A(0xFF); // RA0 como entrada (potenciómetro)
06F6:  MOVLW  FF
06F8:  MOVWF  F92
....................     set_tris_D(0x00); // RD como salidas (LCD)
06FA:  MOVLW  00
06FC:  MOVWF  F95
....................     lcd_init();       // Inicializar el LCD
06FE:  BRA    00E2
.................... 
....................     // Inicializar ADC
....................     setup_adc(ADC_CLOCK_DIV_2);  // Configura la frecuencia del ADC
0700:  MOVF   FC0,W
0702:  ANDLW  C0
0704:  MOVWF  FC0
0706:  BCF    FC0.7
0708:  BSF    FC2.0
....................     setup_adc_ports(AN0); // Configura RA0 como entrada analógica
070A:  MOVF   FC1,W
070C:  ANDLW  C0
070E:  IORLW  0E
0710:  MOVWF  FC1
.................... 
....................     // Mensaje inicial en el LCD
....................     lcd_gotoxy(1, 1);
0712:  MOVLW  01
0714:  MOVWF  1E
0716:  MOVWF  1F
0718:  RCALL  0156
....................     printf(lcd_putc, "VOLTAJE:  ");
071A:  MOVLW  04
071C:  MOVWF  FF6
071E:  MOVLW  00
0720:  MOVWF  FF7
0722:  BRA    01C8
.................... 
....................     while (true) {
....................         // Leer el valor del ADC
....................         valor = read_adc(); // Leer ADC de RA0
0724:  BSF    FC2.1
0726:  BTFSC  FC2.1
0728:  BRA    0726
072A:  CLRF   0B
072C:  MOVFF  FC4,0A
.................... 
....................         // Convertir el valor a voltaje con calibración
....................         voltaje = (valor * calibracion * 5.0) / 1023.0; // Ajustar según la calibración
0730:  MOVFF  0B,11
0734:  MOVFF  0A,10
0738:  BRA    01EA
073A:  MOVFF  03,20
073E:  MOVFF  02,1F
0742:  MOVFF  01,1E
0746:  MOVFF  00,1D
074A:  MOVFF  0F,24
074E:  MOVFF  0E,23
0752:  MOVFF  0D,22
0756:  MOVFF  0C,21
075A:  RCALL  0222
075C:  MOVFF  03,13
0760:  MOVFF  02,12
0764:  MOVFF  01,11
0768:  MOVFF  00,10
076C:  MOVFF  03,20
0770:  MOVFF  02,1F
0774:  MOVFF  01,1E
0778:  MOVFF  00,1D
077C:  CLRF   24
077E:  CLRF   23
0780:  MOVLW  20
0782:  MOVWF  22
0784:  MOVLW  81
0786:  MOVWF  21
0788:  RCALL  0222
078A:  MOVFF  03,13
078E:  MOVFF  02,12
0792:  MOVFF  01,11
0796:  MOVFF  00,10
079A:  MOVFF  03,17
079E:  MOVFF  02,16
07A2:  MOVFF  01,15
07A6:  MOVFF  00,14
07AA:  CLRF   1B
07AC:  MOVLW  C0
07AE:  MOVWF  1A
07B0:  MOVLW  7F
07B2:  MOVWF  19
07B4:  MOVLW  88
07B6:  MOVWF  18
07B8:  BRA    0314
07BA:  MOVFF  03,09
07BE:  MOVFF  02,08
07C2:  MOVFF  01,07
07C6:  MOVFF  00,06
.................... 
....................         // Mostrar el voltaje en el LCD
....................         lcd_gotoxy(1, 2); // Ir a la segunda línea
07CA:  MOVLW  01
07CC:  MOVWF  1E
07CE:  MOVLW  02
07D0:  MOVWF  1F
07D2:  RCALL  0156
....................         printf(lcd_putc, "%.2f V       ", voltaje); // Mostrar el voltaje con dos decimales
07D4:  MOVLW  89
07D6:  MOVWF  FE9
07D8:  MOVFF  09,13
07DC:  MOVFF  08,12
07E0:  MOVFF  07,11
07E4:  MOVFF  06,10
07E8:  MOVLW  02
07EA:  MOVWF  14
07EC:  BRA    053E
07EE:  MOVLW  14
07F0:  MOVWF  FF6
07F2:  MOVLW  00
07F4:  MOVWF  FF7
07F6:  MOVLW  09
07F8:  MOVWF  10
07FA:  BRA    06B8
.................... 
....................         delay_ms(500); // Esperar medio segundo antes de la siguiente lectura
07FC:  MOVLW  02
07FE:  MOVWF  10
0800:  MOVLW  FA
0802:  MOVWF  1E
0804:  RCALL  001E
0806:  DECFSZ 10,F
0808:  BRA    0800
080A:  BRA    0724
....................     }
.................... }
.................... 
080C:  SLEEP 

Configuration Fuses:
   Word  1: CF3F   PLL12 CPUDIV4 USBDIV FCMEN IESO
   Word  2: 1E3E   PUT BROWNOUT BORV21 VREGEN NOWDT WDT32768
   Word  3: 8700   CCP2C1 PBADEN LPT1OSC MCLR
   Word  4: 00A1   STVREN NOLVP ICSP2 NOXINST NODEBUG
   Word  5: C00F   NOPROTECT NOCPB NOCPD
   Word  6: E00F   NOWRT NOWRTC NOWRTB NOWRTD
   Word  7: 400F   NOEBTR NOEBTRB
